#
# There is insufficient memory for the Java Runtime Environment to continue.
# Native memory allocation (malloc) failed to allocate 1399216 bytes for Chunk::new
# Possible reasons:
#   The system is out of physical RAM or swap space
#   The process is running with CompressedOops enabled, and the Java Heap may be blocking the growth of the native heap
# Possible solutions:
#   Reduce memory load on the system
#   Increase physical memory or swap space
#   Check if swap backing store is full
#   Decrease Java heap size (-Xmx/-Xms)
#   Decrease number of Java threads
#   Decrease Java thread stack sizes (-Xss)
#   Set larger code cache with -XX:ReservedCodeCacheSize=
#   JVM is running with Unscaled Compressed Oops mode in which the Java heap is
#     placed in the first 4GB address space. The Java Heap base address is the
#     maximum limit for the native heap growth. Please use -XX:HeapBaseMinAddress
#     to set the Java Heap base and to place the Java Heap above 4GB virtual address.
# This output file may be truncated or incomplete.
#
#  Out of Memory Error (t:/workspace/open/src/hotspot/share/memory/arena.cpp:197), pid=27784, tid=25712
#
# JRE version: Java(TM) SE Runtime Environment (12.0.2+10) (build 12.0.2+10)
# Java VM: Java HotSpot(TM) 64-Bit Server VM (12.0.2+10, mixed mode, sharing, tiered, compressed oops, g1 gc, windows-amd64)
# No core dump will be written. Minidumps are not enabled by default on client versions of Windows
#

---------------  S U M M A R Y ------------

Command Line: -Dfile.encoding=Cp1252 vista.VistaEditor

Host: Intel(R) Core(TM) i7-4712MQ CPU @ 2.30GHz, 8 cores, 7G,  Windows 10 , 64 bit Build 17763 (10.0.17763.475)
Time: Sat Feb 22 23:28:56 2020 Hora estándar romance elapsed time: 0 seconds (0d 0h 0m 0s)

---------------  T H R E A D  ---------------

Current thread (0x00000212ffbc3800):  JavaThread "C2 CompilerThread0" daemon [_thread_in_native, id=25712, stack(0x0000007e62900000,0x0000007e62a00000)]


Current CompileTask:
C2:    610 1095       4       jdk.internal.org.objectweb.asm.Frame::execute (2305 bytes)

Stack: [0x0000007e62900000,0x0000007e62a00000]
Native frames: (J=compiled Java code, j=interpreted, Vv=VM code, C=native code)
V  [jvm.dll+0x63aa2a]
V  [jvm.dll+0x78ce1e]
V  [jvm.dll+0x78e4c1]
V  [jvm.dll+0x78eb13]
V  [jvm.dll+0x2627e8]
V  [jvm.dll+0xc55cc]
V  [jvm.dll+0xc5b4c]
V  [jvm.dll+0x37a632]
V  [jvm.dll+0x3463d3]
V  [jvm.dll+0x34579a]
V  [jvm.dll+0x21c205]
V  [jvm.dll+0x21b3da]
V  [jvm.dll+0x199a20]
V  [jvm.dll+0x22a744]
V  [jvm.dll+0x228d98]
V  [jvm.dll+0x7512a0]
V  [jvm.dll+0x74a2c8]
V  [jvm.dll+0x639b16]
C  [ucrtbase.dll+0x21ffa]
C  [KERNEL32.DLL+0x17974]
C  [ntdll.dll+0x6a261]


---------------  P R O C E S S  ---------------

Threads class SMR info:
_java_thread_list=0x0000021287b66610, length=16, elements={
0x00000212ffba4800, 0x00000212ffba7800, 0x00000212ffbc0000, 0x00000212ffbc2800,
0x00000212ffbc3800, 0x00000212ffbcd000, 0x0000021286769000, 0x00000212868a8000,
0x00000212868b4800, 0x0000021286b16800, 0x0000021286b1d800, 0x0000021286b2d800,
0x00000212878de000, 0x0000021287a83800, 0x00000212888e0800, 0x00000212e4e29000
}

Java Threads: ( => current thread )
  0x00000212ffba4800 JavaThread "Reference Handler" daemon [_thread_blocked, id=25252, stack(0x0000007e62500000,0x0000007e62600000)]
  0x00000212ffba7800 JavaThread "Finalizer" daemon [_thread_blocked, id=27352, stack(0x0000007e62600000,0x0000007e62700000)]
  0x00000212ffbc0000 JavaThread "Signal Dispatcher" daemon [_thread_blocked, id=13424, stack(0x0000007e62700000,0x0000007e62800000)]
  0x00000212ffbc2800 JavaThread "Attach Listener" daemon [_thread_blocked, id=27948, stack(0x0000007e62800000,0x0000007e62900000)]
=>0x00000212ffbc3800 JavaThread "C2 CompilerThread0" daemon [_thread_in_native, id=25712, stack(0x0000007e62900000,0x0000007e62a00000)]
  0x00000212ffbcd000 JavaThread "C1 CompilerThread0" daemon [_thread_in_native, id=26000, stack(0x0000007e62a00000,0x0000007e62b00000)]
  0x0000021286769000 JavaThread "Sweeper thread" daemon [_thread_blocked, id=28288, stack(0x0000007e62b00000,0x0000007e62c00000)]
  0x00000212868a8000 JavaThread "Service Thread" daemon [_thread_blocked, id=25420, stack(0x0000007e62c00000,0x0000007e62d00000)]
  0x00000212868b4800 JavaThread "Common-Cleaner" daemon [_thread_blocked, id=18796, stack(0x0000007e62e00000,0x0000007e62f00000)]
  0x0000021286b16800 JavaThread "Java2D Disposer" daemon [_thread_blocked, id=27600, stack(0x0000007e62f00000,0x0000007e63000000)]
  0x0000021286b1d800 JavaThread "AWT-Shutdown" [_thread_blocked, id=18368, stack(0x0000007e63000000,0x0000007e63100000)]
  0x0000021286b2d800 JavaThread "AWT-Windows" daemon [_thread_in_native, id=21924, stack(0x0000007e63100000,0x0000007e63200000)]
  0x00000212878de000 JavaThread "Image Fetcher 0" daemon [_thread_blocked, id=24692, stack(0x0000007e63200000,0x0000007e63300000)]
  0x0000021287a83800 JavaThread "AWT-EventQueue-0" [_thread_in_native, id=18060, stack(0x0000007e63300000,0x0000007e63400000)]
  0x00000212888e0800 JavaThread "C2 CompilerThread1" daemon [_thread_in_native, id=28176, stack(0x0000007e63700000,0x0000007e63800000)]
  0x00000212e4e29000 JavaThread "DestroyJavaVM" [_thread_blocked, id=25440, stack(0x0000007e61e00000,0x0000007e61f00000)]

Other Threads:
  0x00000212ffba3000 VMThread "VM Thread" [stack: 0x0000007e62400000,0x0000007e62500000] [id=25788]
  0x00000212868b2800 WatcherThread [stack: 0x0000007e62d00000,0x0000007e62e00000] [id=23236]
  0x00000212e4e67000 GCTaskThread "GC Thread#0" [stack: 0x0000007e61f00000,0x0000007e62000000] [id=25472]
  0x00000212e4e77000 ConcurrentGCThread "G1 Main Marker" [stack: 0x0000007e62000000,0x0000007e62100000] [id=11128]
  0x00000212e4e79800 ConcurrentGCThread "G1 Conc#0" [stack: 0x0000007e62100000,0x0000007e62200000] [id=28292]
  0x00000212ffa19800 ConcurrentGCThread "G1 Refine#0" [stack: 0x0000007e62200000,0x0000007e62300000] [id=6700]
  0x00000212ffa1a000 ConcurrentGCThread "G1 Young RemSet Sampling" [stack: 0x0000007e62300000,0x0000007e62400000] [id=26884]

Threads with active compile tasks:
C2 CompilerThread0  1095       4       jdk.internal.org.objectweb.asm.Frame::execute (2305 bytes)
C1 CompilerThread0  1219       3       sun.swing.SwingUtilities2$KeyPair::equals (48 bytes)
C2 CompilerThread1  1222  s    4       java.util.Hashtable::get (69 bytes)

VM state:not at safepoint (normal execution)

VM Mutex/Monitor currently owned by a thread: None

Heap address: 0x0000000081400000, size: 2028 MB, Compressed Oops mode: 32-bit
Narrow klass base: 0x0000000800000000, Narrow klass shift: 3
Compressed class space size: 1073741824 Address: 0x0000000801190000

Heap:
 garbage-first heap   total 131072K, used 10240K [0x0000000081400000, 0x0000000100000000)
  region size 1024K, 11 young (11264K), 0 survivors (0K)
 Metaspace       used 10140K, capacity 10469K, committed 10624K, reserved 1058816K
  class space    used 1217K, capacity 1366K, committed 1408K, reserved 1048576K
Heap Regions: E=young(eden), S=young(survivor), O=old, HS=humongous(starts), HC=humongous(continues), CS=collection set, F=free, A=archive, TAMS=top-at-mark-start (previous, next)
|   0|0x0000000081400000, 0x0000000081400000, 0x0000000081500000|  0%| F|  |TAMS 0x0000000081400000, 0x0000000081400000| Untracked 
|   1|0x0000000081500000, 0x0000000081500000, 0x0000000081600000|  0%| F|  |TAMS 0x0000000081500000, 0x0000000081500000| Untracked 
|   2|0x0000000081600000, 0x0000000081600000, 0x0000000081700000|  0%| F|  |TAMS 0x0000000081600000, 0x0000000081600000| Untracked 
|   3|0x0000000081700000, 0x0000000081700000, 0x0000000081800000|  0%| F|  |TAMS 0x0000000081700000, 0x0000000081700000| Untracked 
|   4|0x0000000081800000, 0x0000000081800000, 0x0000000081900000|  0%| F|  |TAMS 0x0000000081800000, 0x0000000081800000| Untracked 
|   5|0x0000000081900000, 0x0000000081900000, 0x0000000081a00000|  0%| F|  |TAMS 0x0000000081900000, 0x0000000081900000| Untracked 
|   6|0x0000000081a00000, 0x0000000081a00000, 0x0000000081b00000|  0%| F|  |TAMS 0x0000000081a00000, 0x0000000081a00000| Untracked 
|   7|0x0000000081b00000, 0x0000000081b00000, 0x0000000081c00000|  0%| F|  |TAMS 0x0000000081b00000, 0x0000000081b00000| Untracked 
|   8|0x0000000081c00000, 0x0000000081c00000, 0x0000000081d00000|  0%| F|  |TAMS 0x0000000081c00000, 0x0000000081c00000| Untracked 
|   9|0x0000000081d00000, 0x0000000081d00000, 0x0000000081e00000|  0%| F|  |TAMS 0x0000000081d00000, 0x0000000081d00000| Untracked 
|  10|0x0000000081e00000, 0x0000000081e00000, 0x0000000081f00000|  0%| F|  |TAMS 0x0000000081e00000, 0x0000000081e00000| Untracked 
|  11|0x0000000081f00000, 0x0000000081f00000, 0x0000000082000000|  0%| F|  |TAMS 0x0000000081f00000, 0x0000000081f00000| Untracked 
|  12|0x0000000082000000, 0x0000000082000000, 0x0000000082100000|  0%| F|  |TAMS 0x0000000082000000, 0x0000000082000000| Untracked 
|  13|0x0000000082100000, 0x0000000082100000, 0x0000000082200000|  0%| F|  |TAMS 0x0000000082100000, 0x0000000082100000| Untracked 
|  14|0x0000000082200000, 0x0000000082200000, 0x0000000082300000|  0%| F|  |TAMS 0x0000000082200000, 0x0000000082200000| Untracked 
|  15|0x0000000082300000, 0x0000000082300000, 0x0000000082400000|  0%| F|  |TAMS 0x0000000082300000, 0x0000000082300000| Untracked 
|  16|0x0000000082400000, 0x0000000082400000, 0x0000000082500000|  0%| F|  |TAMS 0x0000000082400000, 0x0000000082400000| Untracked 
|  17|0x0000000082500000, 0x0000000082500000, 0x0000000082600000|  0%| F|  |TAMS 0x0000000082500000, 0x0000000082500000| Untracked 
|  18|0x0000000082600000, 0x0000000082600000, 0x0000000082700000|  0%| F|  |TAMS 0x0000000082600000, 0x0000000082600000| Untracked 
|  19|0x0000000082700000, 0x0000000082700000, 0x0000000082800000|  0%| F|  |TAMS 0x0000000082700000, 0x0000000082700000| Untracked 
|  20|0x0000000082800000, 0x0000000082800000, 0x0000000082900000|  0%| F|  |TAMS 0x0000000082800000, 0x0000000082800000| Untracked 
|  21|0x0000000082900000, 0x0000000082900000, 0x0000000082a00000|  0%| F|  |TAMS 0x0000000082900000, 0x0000000082900000| Untracked 
|  22|0x0000000082a00000, 0x0000000082a00000, 0x0000000082b00000|  0%| F|  |TAMS 0x0000000082a00000, 0x0000000082a00000| Untracked 
|  23|0x0000000082b00000, 0x0000000082b00000, 0x0000000082c00000|  0%| F|  |TAMS 0x0000000082b00000, 0x0000000082b00000| Untracked 
|  24|0x0000000082c00000, 0x0000000082c00000, 0x0000000082d00000|  0%| F|  |TAMS 0x0000000082c00000, 0x0000000082c00000| Untracked 
|  25|0x0000000082d00000, 0x0000000082d00000, 0x0000000082e00000|  0%| F|  |TAMS 0x0000000082d00000, 0x0000000082d00000| Untracked 
|  26|0x0000000082e00000, 0x0000000082e00000, 0x0000000082f00000|  0%| F|  |TAMS 0x0000000082e00000, 0x0000000082e00000| Untracked 
|  27|0x0000000082f00000, 0x0000000082f00000, 0x0000000083000000|  0%| F|  |TAMS 0x0000000082f00000, 0x0000000082f00000| Untracked 
|  28|0x0000000083000000, 0x0000000083000000, 0x0000000083100000|  0%| F|  |TAMS 0x0000000083000000, 0x0000000083000000| Untracked 
|  29|0x0000000083100000, 0x0000000083100000, 0x0000000083200000|  0%| F|  |TAMS 0x0000000083100000, 0x0000000083100000| Untracked 
|  30|0x0000000083200000, 0x0000000083200000, 0x0000000083300000|  0%| F|  |TAMS 0x0000000083200000, 0x0000000083200000| Untracked 
|  31|0x0000000083300000, 0x0000000083300000, 0x0000000083400000|  0%| F|  |TAMS 0x0000000083300000, 0x0000000083300000| Untracked 
|  32|0x0000000083400000, 0x0000000083400000, 0x0000000083500000|  0%| F|  |TAMS 0x0000000083400000, 0x0000000083400000| Untracked 
|  33|0x0000000083500000, 0x0000000083500000, 0x0000000083600000|  0%| F|  |TAMS 0x0000000083500000, 0x0000000083500000| Untracked 
|  34|0x0000000083600000, 0x0000000083600000, 0x0000000083700000|  0%| F|  |TAMS 0x0000000083600000, 0x0000000083600000| Untracked 
|  35|0x0000000083700000, 0x0000000083700000, 0x0000000083800000|  0%| F|  |TAMS 0x0000000083700000, 0x0000000083700000| Untracked 
|  36|0x0000000083800000, 0x0000000083800000, 0x0000000083900000|  0%| F|  |TAMS 0x0000000083800000, 0x0000000083800000| Untracked 
|  37|0x0000000083900000, 0x0000000083900000, 0x0000000083a00000|  0%| F|  |TAMS 0x0000000083900000, 0x0000000083900000| Untracked 
|  38|0x0000000083a00000, 0x0000000083a00000, 0x0000000083b00000|  0%| F|  |TAMS 0x0000000083a00000, 0x0000000083a00000| Untracked 
|  39|0x0000000083b00000, 0x0000000083b00000, 0x0000000083c00000|  0%| F|  |TAMS 0x0000000083b00000, 0x0000000083b00000| Untracked 
|  40|0x0000000083c00000, 0x0000000083c00000, 0x0000000083d00000|  0%| F|  |TAMS 0x0000000083c00000, 0x0000000083c00000| Untracked 
|  41|0x0000000083d00000, 0x0000000083d00000, 0x0000000083e00000|  0%| F|  |TAMS 0x0000000083d00000, 0x0000000083d00000| Untracked 
|  42|0x0000000083e00000, 0x0000000083e00000, 0x0000000083f00000|  0%| F|  |TAMS 0x0000000083e00000, 0x0000000083e00000| Untracked 
|  43|0x0000000083f00000, 0x0000000083f00000, 0x0000000084000000|  0%| F|  |TAMS 0x0000000083f00000, 0x0000000083f00000| Untracked 
|  44|0x0000000084000000, 0x0000000084000000, 0x0000000084100000|  0%| F|  |TAMS 0x0000000084000000, 0x0000000084000000| Untracked 
|  45|0x0000000084100000, 0x0000000084100000, 0x0000000084200000|  0%| F|  |TAMS 0x0000000084100000, 0x0000000084100000| Untracked 
|  46|0x0000000084200000, 0x0000000084200000, 0x0000000084300000|  0%| F|  |TAMS 0x0000000084200000, 0x0000000084200000| Untracked 
|  47|0x0000000084300000, 0x0000000084300000, 0x0000000084400000|  0%| F|  |TAMS 0x0000000084300000, 0x0000000084300000| Untracked 
|  48|0x0000000084400000, 0x0000000084400000, 0x0000000084500000|  0%| F|  |TAMS 0x0000000084400000, 0x0000000084400000| Untracked 
|  49|0x0000000084500000, 0x0000000084500000, 0x0000000084600000|  0%| F|  |TAMS 0x0000000084500000, 0x0000000084500000| Untracked 
|  50|0x0000000084600000, 0x0000000084600000, 0x0000000084700000|  0%| F|  |TAMS 0x0000000084600000, 0x0000000084600000| Untracked 
|  51|0x0000000084700000, 0x0000000084700000, 0x0000000084800000|  0%| F|  |TAMS 0x0000000084700000, 0x0000000084700000| Untracked 
|  52|0x0000000084800000, 0x0000000084800000, 0x0000000084900000|  0%| F|  |TAMS 0x0000000084800000, 0x0000000084800000| Untracked 
|  53|0x0000000084900000, 0x0000000084900000, 0x0000000084a00000|  0%| F|  |TAMS 0x0000000084900000, 0x0000000084900000| Untracked 
|  54|0x0000000084a00000, 0x0000000084a00000, 0x0000000084b00000|  0%| F|  |TAMS 0x0000000084a00000, 0x0000000084a00000| Untracked 
|  55|0x0000000084b00000, 0x0000000084b00000, 0x0000000084c00000|  0%| F|  |TAMS 0x0000000084b00000, 0x0000000084b00000| Untracked 
|  56|0x0000000084c00000, 0x0000000084c00000, 0x0000000084d00000|  0%| F|  |TAMS 0x0000000084c00000, 0x0000000084c00000| Untracked 
|  57|0x0000000084d00000, 0x0000000084d00000, 0x0000000084e00000|  0%| F|  |TAMS 0x0000000084d00000, 0x0000000084d00000| Untracked 
|  58|0x0000000084e00000, 0x0000000084e00000, 0x0000000084f00000|  0%| F|  |TAMS 0x0000000084e00000, 0x0000000084e00000| Untracked 
|  59|0x0000000084f00000, 0x0000000084f00000, 0x0000000085000000|  0%| F|  |TAMS 0x0000000084f00000, 0x0000000084f00000| Untracked 
|  60|0x0000000085000000, 0x0000000085000000, 0x0000000085100000|  0%| F|  |TAMS 0x0000000085000000, 0x0000000085000000| Untracked 
|  61|0x0000000085100000, 0x0000000085100000, 0x0000000085200000|  0%| F|  |TAMS 0x0000000085100000, 0x0000000085100000| Untracked 
|  62|0x0000000085200000, 0x0000000085200000, 0x0000000085300000|  0%| F|  |TAMS 0x0000000085200000, 0x0000000085200000| Untracked 
|  63|0x0000000085300000, 0x0000000085300000, 0x0000000085400000|  0%| F|  |TAMS 0x0000000085300000, 0x0000000085300000| Untracked 
|  64|0x0000000085400000, 0x0000000085400000, 0x0000000085500000|  0%| F|  |TAMS 0x0000000085400000, 0x0000000085400000| Untracked 
|  65|0x0000000085500000, 0x0000000085500000, 0x0000000085600000|  0%| F|  |TAMS 0x0000000085500000, 0x0000000085500000| Untracked 
|  66|0x0000000085600000, 0x0000000085600000, 0x0000000085700000|  0%| F|  |TAMS 0x0000000085600000, 0x0000000085600000| Untracked 
|  67|0x0000000085700000, 0x0000000085700000, 0x0000000085800000|  0%| F|  |TAMS 0x0000000085700000, 0x0000000085700000| Untracked 
|  68|0x0000000085800000, 0x0000000085800000, 0x0000000085900000|  0%| F|  |TAMS 0x0000000085800000, 0x0000000085800000| Untracked 
|  69|0x0000000085900000, 0x0000000085900000, 0x0000000085a00000|  0%| F|  |TAMS 0x0000000085900000, 0x0000000085900000| Untracked 
|  70|0x0000000085a00000, 0x0000000085a00000, 0x0000000085b00000|  0%| F|  |TAMS 0x0000000085a00000, 0x0000000085a00000| Untracked 
|  71|0x0000000085b00000, 0x0000000085b00000, 0x0000000085c00000|  0%| F|  |TAMS 0x0000000085b00000, 0x0000000085b00000| Untracked 
|  72|0x0000000085c00000, 0x0000000085c00000, 0x0000000085d00000|  0%| F|  |TAMS 0x0000000085c00000, 0x0000000085c00000| Untracked 
|  73|0x0000000085d00000, 0x0000000085d00000, 0x0000000085e00000|  0%| F|  |TAMS 0x0000000085d00000, 0x0000000085d00000| Untracked 
|  74|0x0000000085e00000, 0x0000000085e00000, 0x0000000085f00000|  0%| F|  |TAMS 0x0000000085e00000, 0x0000000085e00000| Untracked 
|  75|0x0000000085f00000, 0x0000000085f00000, 0x0000000086000000|  0%| F|  |TAMS 0x0000000085f00000, 0x0000000085f00000| Untracked 
|  76|0x0000000086000000, 0x0000000086000000, 0x0000000086100000|  0%| F|  |TAMS 0x0000000086000000, 0x0000000086000000| Untracked 
|  77|0x0000000086100000, 0x0000000086100000, 0x0000000086200000|  0%| F|  |TAMS 0x0000000086100000, 0x0000000086100000| Untracked 
|  78|0x0000000086200000, 0x0000000086200000, 0x0000000086300000|  0%| F|  |TAMS 0x0000000086200000, 0x0000000086200000| Untracked 
|  79|0x0000000086300000, 0x0000000086300000, 0x0000000086400000|  0%| F|  |TAMS 0x0000000086300000, 0x0000000086300000| Untracked 
|  80|0x0000000086400000, 0x0000000086400000, 0x0000000086500000|  0%| F|  |TAMS 0x0000000086400000, 0x0000000086400000| Untracked 
|  81|0x0000000086500000, 0x0000000086500000, 0x0000000086600000|  0%| F|  |TAMS 0x0000000086500000, 0x0000000086500000| Untracked 
|  82|0x0000000086600000, 0x0000000086600000, 0x0000000086700000|  0%| F|  |TAMS 0x0000000086600000, 0x0000000086600000| Untracked 
|  83|0x0000000086700000, 0x0000000086700000, 0x0000000086800000|  0%| F|  |TAMS 0x0000000086700000, 0x0000000086700000| Untracked 
|  84|0x0000000086800000, 0x0000000086800000, 0x0000000086900000|  0%| F|  |TAMS 0x0000000086800000, 0x0000000086800000| Untracked 
|  85|0x0000000086900000, 0x0000000086900000, 0x0000000086a00000|  0%| F|  |TAMS 0x0000000086900000, 0x0000000086900000| Untracked 
|  86|0x0000000086a00000, 0x0000000086a00000, 0x0000000086b00000|  0%| F|  |TAMS 0x0000000086a00000, 0x0000000086a00000| Untracked 
|  87|0x0000000086b00000, 0x0000000086b00000, 0x0000000086c00000|  0%| F|  |TAMS 0x0000000086b00000, 0x0000000086b00000| Untracked 
|  88|0x0000000086c00000, 0x0000000086c00000, 0x0000000086d00000|  0%| F|  |TAMS 0x0000000086c00000, 0x0000000086c00000| Untracked 
|  89|0x0000000086d00000, 0x0000000086d00000, 0x0000000086e00000|  0%| F|  |TAMS 0x0000000086d00000, 0x0000000086d00000| Untracked 
|  90|0x0000000086e00000, 0x0000000086e00000, 0x0000000086f00000|  0%| F|  |TAMS 0x0000000086e00000, 0x0000000086e00000| Untracked 
|  91|0x0000000086f00000, 0x0000000086f00000, 0x0000000087000000|  0%| F|  |TAMS 0x0000000086f00000, 0x0000000086f00000| Untracked 
|  92|0x0000000087000000, 0x0000000087000000, 0x0000000087100000|  0%| F|  |TAMS 0x0000000087000000, 0x0000000087000000| Untracked 
|  93|0x0000000087100000, 0x0000000087100000, 0x0000000087200000|  0%| F|  |TAMS 0x0000000087100000, 0x0000000087100000| Untracked 
|  94|0x0000000087200000, 0x0000000087200000, 0x0000000087300000|  0%| F|  |TAMS 0x0000000087200000, 0x0000000087200000| Untracked 
|  95|0x0000000087300000, 0x0000000087300000, 0x0000000087400000|  0%| F|  |TAMS 0x0000000087300000, 0x0000000087300000| Untracked 
|  96|0x0000000087400000, 0x0000000087400000, 0x0000000087500000|  0%| F|  |TAMS 0x0000000087400000, 0x0000000087400000| Untracked 
|  97|0x0000000087500000, 0x0000000087500000, 0x0000000087600000|  0%| F|  |TAMS 0x0000000087500000, 0x0000000087500000| Untracked 
|  98|0x0000000087600000, 0x0000000087600000, 0x0000000087700000|  0%| F|  |TAMS 0x0000000087600000, 0x0000000087600000| Untracked 
|  99|0x0000000087700000, 0x0000000087700000, 0x0000000087800000|  0%| F|  |TAMS 0x0000000087700000, 0x0000000087700000| Untracked 
| 100|0x0000000087800000, 0x0000000087800000, 0x0000000087900000|  0%| F|  |TAMS 0x0000000087800000, 0x0000000087800000| Untracked 
| 101|0x0000000087900000, 0x0000000087900000, 0x0000000087a00000|  0%| F|  |TAMS 0x0000000087900000, 0x0000000087900000| Untracked 
| 102|0x0000000087a00000, 0x0000000087a00000, 0x0000000087b00000|  0%| F|  |TAMS 0x0000000087a00000, 0x0000000087a00000| Untracked 
| 103|0x0000000087b00000, 0x0000000087b00000, 0x0000000087c00000|  0%| F|  |TAMS 0x0000000087b00000, 0x0000000087b00000| Untracked 
| 104|0x0000000087c00000, 0x0000000087c00000, 0x0000000087d00000|  0%| F|  |TAMS 0x0000000087c00000, 0x0000000087c00000| Untracked 
| 105|0x0000000087d00000, 0x0000000087d00000, 0x0000000087e00000|  0%| F|  |TAMS 0x0000000087d00000, 0x0000000087d00000| Untracked 
| 106|0x0000000087e00000, 0x0000000087e00000, 0x0000000087f00000|  0%| F|  |TAMS 0x0000000087e00000, 0x0000000087e00000| Untracked 
| 107|0x0000000087f00000, 0x0000000087f00000, 0x0000000088000000|  0%| F|  |TAMS 0x0000000087f00000, 0x0000000087f00000| Untracked 
| 108|0x0000000088000000, 0x0000000088000000, 0x0000000088100000|  0%| F|  |TAMS 0x0000000088000000, 0x0000000088000000| Untracked 
| 109|0x0000000088100000, 0x0000000088100000, 0x0000000088200000|  0%| F|  |TAMS 0x0000000088100000, 0x0000000088100000| Untracked 
| 110|0x0000000088200000, 0x0000000088200000, 0x0000000088300000|  0%| F|  |TAMS 0x0000000088200000, 0x0000000088200000| Untracked 
| 111|0x0000000088300000, 0x0000000088300000, 0x0000000088400000|  0%| F|  |TAMS 0x0000000088300000, 0x0000000088300000| Untracked 
| 112|0x0000000088400000, 0x0000000088400000, 0x0000000088500000|  0%| F|  |TAMS 0x0000000088400000, 0x0000000088400000| Untracked 
| 113|0x0000000088500000, 0x0000000088500000, 0x0000000088600000|  0%| F|  |TAMS 0x0000000088500000, 0x0000000088500000| Untracked 
| 114|0x0000000088600000, 0x0000000088600000, 0x0000000088700000|  0%| F|  |TAMS 0x0000000088600000, 0x0000000088600000| Untracked 
| 115|0x0000000088700000, 0x0000000088700000, 0x0000000088800000|  0%| F|  |TAMS 0x0000000088700000, 0x0000000088700000| Untracked 
| 116|0x0000000088800000, 0x0000000088800000, 0x0000000088900000|  0%| F|  |TAMS 0x0000000088800000, 0x0000000088800000| Untracked 
| 117|0x0000000088900000, 0x00000000889f65d0, 0x0000000088a00000| 96%| E|  |TAMS 0x0000000088900000, 0x0000000088900000| Complete 
| 118|0x0000000088a00000, 0x0000000088b00000, 0x0000000088b00000|100%| E|CS|TAMS 0x0000000088a00000, 0x0000000088a00000| Complete 
| 119|0x0000000088b00000, 0x0000000088c00000, 0x0000000088c00000|100%| E|CS|TAMS 0x0000000088b00000, 0x0000000088b00000| Complete 
| 120|0x0000000088c00000, 0x0000000088d00000, 0x0000000088d00000|100%| E|CS|TAMS 0x0000000088c00000, 0x0000000088c00000| Complete 
| 121|0x0000000088d00000, 0x0000000088e00000, 0x0000000088e00000|100%| E|CS|TAMS 0x0000000088d00000, 0x0000000088d00000| Complete 
| 122|0x0000000088e00000, 0x0000000088f00000, 0x0000000088f00000|100%| E|CS|TAMS 0x0000000088e00000, 0x0000000088e00000| Complete 
| 123|0x0000000088f00000, 0x0000000089000000, 0x0000000089000000|100%| E|CS|TAMS 0x0000000088f00000, 0x0000000088f00000| Complete 
| 124|0x0000000089000000, 0x0000000089100000, 0x0000000089100000|100%| E|CS|TAMS 0x0000000089000000, 0x0000000089000000| Complete 
| 125|0x0000000089100000, 0x0000000089200000, 0x0000000089200000|100%| E|CS|TAMS 0x0000000089100000, 0x0000000089100000| Complete 
| 126|0x0000000089200000, 0x0000000089300000, 0x0000000089300000|100%| E|CS|TAMS 0x0000000089200000, 0x0000000089200000| Complete 
| 127|0x0000000089300000, 0x0000000089400000, 0x0000000089400000|100%| E|CS|TAMS 0x0000000089300000, 0x0000000089300000| Complete 

Card table byte_map: [0x00000212fe8c0000,0x00000212fecc0000] _byte_map_base: 0x00000212fe4b6000

Marking Bits (Prev, Next): (CMBitMap*) 0x00000212e4e67c88, (CMBitMap*) 0x00000212e4e67cc8
 Prev Bits: [0x0000021280000000, 0x0000021281fb0000)
 Next Bits: [0x0000021281fb0000, 0x0000021283f60000)

Polling page: 0x00000212e4ce0000

Metaspace:

Usage:
  Non-class:      8.89 MB capacity,     8.71 MB ( 98%) used,   151.39 KB (  2%) free+waste,    28.56 KB ( <1%) overhead. 
      Class:      1.33 MB capacity,     1.19 MB ( 89%) used,   131.99 KB ( 10%) free+waste,    16.50 KB (  1%) overhead. 
       Both:     10.22 MB capacity,     9.90 MB ( 97%) used,   283.38 KB (  3%) free+waste,    45.06 KB ( <1%) overhead. 

Virtual space:
  Non-class space:       10.00 MB reserved,       9.00 MB ( 90%) committed 
      Class space:        1.00 GB reserved,       1.38 MB ( <1%) committed 
             Both:        1.01 GB reserved,      10.38 MB (  1%) committed 

Chunk freelists:
   Non-Class:  6.13 KB
       Class:  1.25 KB
        Both:  7.38 KB

CodeHeap 'non-profiled nmethods': size=120000Kb used=350Kb max_used=350Kb free=119650Kb
 bounds [0x00000212f6520000, 0x00000212f6790000, 0x00000212fda50000]
CodeHeap 'profiled nmethods': size=120000Kb used=2089Kb max_used=2110Kb free=117910Kb
 bounds [0x00000212eeff0000, 0x00000212ef260000, 0x00000212f6520000]
CodeHeap 'non-nmethods': size=5760Kb used=1224Kb max_used=1237Kb free=4535Kb
 bounds [0x00000212eea50000, 0x00000212eecc0000, 0x00000212eeff0000]
 total_blobs=1987 nmethods=1154 adapters=499
 compilation: enabled
              stopped_count=0, restarted_count=0
 full_count=0

Compilation events (10 events):
Event: 0.603 Thread 0x00000212ffbcd000 1204       3       java.awt.geom.AffineTransform::hashCode (87 bytes)
Event: 0.604 Thread 0x00000212888e0800 nmethod 1189 0x00000212f6575210 code [0x00000212f65753a0, 0x00000212f6575418]
Event: 0.604 Thread 0x00000212888e0800 1101       4       jdk.internal.org.objectweb.asm.Frame::push (109 bytes)
Event: 0.604 Thread 0x00000212ffbcd000 nmethod 1204 0x00000212ef1f5e10 code [0x00000212ef1f6060, 0x00000212ef1f6c38]
Event: 0.604 Thread 0x00000212ffbcd000 1205       3       java.lang.Math::min (12 bytes)
Event: 0.604 Thread 0x00000212ffbcd000 nmethod 1205 0x00000212ef1f6e10 code [0x00000212ef1f6fc0, 0x00000212ef1f7158]
Event: 0.606 Thread 0x00000212ffbcd000 1207       3       sun.awt.SunToolkit::getContainingWindow (24 bytes)
Event: 0.606 Thread 0x00000212ffbcd000 nmethod 1207 0x00000212ef1f7210 code [0x00000212ef1f7400, 0x00000212ef1f7910]
Event: 0.606 Thread 0x00000212ffbcd000 1206       3       java.awt.Component::getContainingWindow (5 bytes)
Event: 0.606 Thread 0x00000212ffbcd000 nmethod 1206 0x00000212ef1f7a10 code [0x00000212ef1f7c00, 0x00000212ef1f81b0]

GC Heap History (0 events):
No events

Deoptimization events (10 events):
Event: 0.463 Thread 0x00000212e4e29000 Uncommon trap: reason=class_check action=maybe_recompile pc=0x00000212f654e4d8 method=java.util.HashMap.putVal(ILjava/lang/Object;Ljava/lang/Object;ZZ)Ljava/lang/Object; @ 253 c2
Event: 0.463 Thread 0x00000212e4e29000 Uncommon trap: reason=class_check action=maybe_recompile pc=0x00000212f654e4d8 method=java.util.HashMap.putVal(ILjava/lang/Object;Ljava/lang/Object;ZZ)Ljava/lang/Object; @ 253 c2
Event: 0.505 Thread 0x00000212e4e29000 Uncommon trap: reason=predicate action=maybe_recompile pc=0x00000212f6555b28 method=java.util.ArrayList.indexOfRange(Ljava/lang/Object;II)I @ 45 c2
Event: 0.521 Thread 0x0000021286b2d800 Uncommon trap: reason=class_check action=maybe_recompile pc=0x00000212f654edc4 method=java.util.HashMap.putVal(ILjava/lang/Object;Ljava/lang/Object;ZZ)Ljava/lang/Object; @ 91 c2
Event: 0.521 Thread 0x0000021286b2d800 Uncommon trap: reason=class_check action=maybe_recompile pc=0x00000212f654edc4 method=java.util.HashMap.putVal(ILjava/lang/Object;Ljava/lang/Object;ZZ)Ljava/lang/Object; @ 91 c2
Event: 0.522 Thread 0x0000021286b2d800 Uncommon trap: reason=bimorphic_or_optimized_type_check action=maybe_recompile pc=0x00000212f6557b80 method=java.util.HashMap.getNode(ILjava/lang/Object;)Ljava/util/HashMap$Node; @ 126 c2
Event: 0.522 Thread 0x0000021286b2d800 Uncommon trap: reason=bimorphic_or_optimized_type_check action=maybe_recompile pc=0x00000212f6557b80 method=java.util.HashMap.getNode(ILjava/lang/Object;)Ljava/util/HashMap$Node; @ 126 c2
Event: 0.522 Thread 0x0000021286b2d800 Uncommon trap: reason=bimorphic_or_optimized_type_check action=maybe_recompile pc=0x00000212f655ba8c method=java.util.HashMap.getNode(ILjava/lang/Object;)Ljava/util/HashMap$Node; @ 126 c2
Event: 0.570 Thread 0x00000212e4e29000 Uncommon trap: reason=bimorphic_or_optimized_type_check action=maybe_recompile pc=0x00000212f655ba8c method=java.util.HashMap.getNode(ILjava/lang/Object;)Ljava/util/HashMap$Node; @ 126 c2
Event: 0.571 Thread 0x00000212e4e29000 Uncommon trap: reason=bimorphic_or_optimized_type_check action=maybe_recompile pc=0x00000212f6557b80 method=java.util.HashMap.getNode(ILjava/lang/Object;)Ljava/util/HashMap$Node; @ 126 c2

Classes redefined (0 events):
No events

Internal exceptions (10 events):
Event: 0.169 Thread 0x0000021286b2d800 Exception <a 'java/lang/NoSuchMethodError'{0x00000000891fb298}: java.lang.invoke.DirectMethodHandle$Holder.invokeSpecial(Ljava/lang/Object;Ljava/lang/Object;)V> (0x00000000891fb298) thrown at [t:/workspace/open/src/hotspot/share/interpreter/linkResolver.c
Event: 0.173 Thread 0x00000212e4e29000 Exception <a 'java/lang/NoSuchMethodError'{0x00000000891a0c08}: java.lang.invoke.DirectMethodHandle$Holder.invokeStatic(Ljava/lang/Object;Ljava/lang/Object;Ljava/lang/Object;Ljava/lang/Object;Ljava/lang/Object;Ljava/lang/Object;Ljava/lang/Object;J)Ljava/l
Event: 0.207 Thread 0x00000212e4e29000 Exception <a 'java/lang/NoSuchMethodError'{0x0000000089057af8}: java.lang.invoke.DirectMethodHandle$Holder.invokeStatic(Ljava/lang/Object;ILjava/lang/Object;Ljava/lang/Object;Ljava/lang/Object;Ljava/lang/Object;)Ljava/lang/Object;> (0x0000000089057af8) th
Event: 0.208 Thread 0x00000212e4e29000 Exception <a 'java/lang/NoSuchMethodError'{0x000000008905e728}: java.lang.invoke.DirectMethodHandle$Holder.invokeStatic(Ljava/lang/Object;ILjava/lang/Object;Ljava/lang/Object;Ljava/lang/Object;)Ljava/lang/Object;> (0x000000008905e728) thrown at [t:/worksp
Event: 0.208 Thread 0x00000212e4e29000 Exception <a 'java/lang/NoSuchMethodError'{0x0000000089061f88}: java.lang.invoke.DirectMethodHandle$Holder.invokeSpecial(Ljava/lang/Object;Ljava/lang/Object;ILjava/lang/Object;Ljava/lang/Object;Ljava/lang/Object;)Ljava/lang/Object;> (0x0000000089061f88) t
Event: 0.210 Thread 0x00000212e4e29000 Exception <a 'java/lang/NoSuchMethodError'{0x0000000089078308}: java.lang.invoke.DirectMethodHandle$Holder.invokeStatic(Ljava/lang/Object;ILjava/lang/Object;)Ljava/lang/Object;> (0x0000000089078308) thrown at [t:/workspace/open/src/hotspot/share/interpret
Event: 0.228 Thread 0x00000212e4e29000 Exception <a 'java/lang/ClassNotFoundException'{0x0000000088f1c560}: com/sun/swing/internal/plaf/metal/resources/spi/metalProvider> (0x0000000088f1c560) thrown at [t:/workspace/open/src/hotspot/share/classfile/systemDictionary.cpp, line 235]
Event: 0.229 Thread 0x00000212e4e29000 Exception <a 'java/lang/ClassNotFoundException'{0x0000000088f20768}: com/sun/swing/internal/plaf/basic/resources/spi/basicProvider> (0x0000000088f20768) thrown at [t:/workspace/open/src/hotspot/share/classfile/systemDictionary.cpp, line 235]
Event: 0.537 Thread 0x00000212e4e29000 Exception <a 'java/lang/NoSuchMethodError'{0x0000000088ad2f78}: java.lang.invoke.DirectMethodHandle$Holder.invokeStaticInit(Ljava/lang/Object;)V> (0x0000000088ad2f78) thrown at [t:/workspace/open/src/hotspot/share/interpreter/linkResolver.cpp, line 777]
Event: 0.542 Thread 0x00000212e4e29000 Exception <a 'java/lang/NoSuchMethodError'{0x0000000088907488}: java.lang.invoke.Invokers$Holder.linkToTargetMethod(Ljava/lang/Object;ILjava/lang/Object;)Ljava/lang/Object;> (0x0000000088907488) thrown at [t:/workspace/open/src/hotspot/share/interpreter/l

Events (10 events):
Event: 0.605 loading class java/awt/MenuComponent done
Event: 0.605 loading class java/awt/TrayIcon
Event: 0.605 loading class java/awt/TrayIcon done
Event: 0.605 Executing VM operation: RevokeBias
Event: 0.605 loading class java/awt/Dialog done
Event: 0.606 Executing VM operation: RevokeBias done
Event: 0.606 loading class java/awt/Dialog$ModalityType
Event: 0.606 loading class javax/swing/RepaintManager$2$1
Event: 0.606 loading class java/awt/Dialog$ModalityType done
Event: 0.606 loading class javax/swing/RepaintManager$2$1 done


Dynamic libraries:
0x00007ff709980000 - 0x00007ff70998f000 	C:\Program Files\Java\jdk-12.0.2\bin\javaw.exe
0x00007ffe31ef0000 - 0x00007ffe320dd000 	C:\Windows\SYSTEM32\ntdll.dll
0x00007ffe31e00000 - 0x00007ffe31eb3000 	C:\Windows\System32\KERNEL32.DLL
0x00007ffe2dfd0000 - 0x00007ffe2e263000 	C:\Windows\System32\KERNELBASE.dll
0x00007ffe2e8c0000 - 0x00007ffe2e9ba000 	C:\Windows\System32\ucrtbase.dll
0x00007ffe13730000 - 0x00007ffe13746000 	C:\Program Files\Java\jdk-12.0.2\bin\VCRUNTIME140.dll
0x00007ffe13680000 - 0x00007ffe13698000 	C:\Program Files\Java\jdk-12.0.2\bin\jli.dll
0x00007ffe2f320000 - 0x00007ffe2f3c3000 	C:\Windows\System32\ADVAPI32.dll
0x00007ffe31540000 - 0x00007ffe315de000 	C:\Windows\System32\msvcrt.dll
0x00007ffe31a80000 - 0x00007ffe31b1e000 	C:\Windows\System32\sechost.dll
0x00007ffe31cd0000 - 0x00007ffe31df2000 	C:\Windows\System32\RPCRT4.dll
0x00007ffe315e0000 - 0x00007ffe31777000 	C:\Windows\System32\USER32.dll
0x00007ffe22660000 - 0x00007ffe228d9000 	C:\Windows\WinSxS\amd64_microsoft.windows.common-controls_6595b64144ccf1df_6.0.17763.1039_none_de701650534c7021\COMCTL32.dll
0x00007ffe2dfb0000 - 0x00007ffe2dfd0000 	C:\Windows\System32\win32u.dll
0x00007ffe2f3d0000 - 0x00007ffe2f3f9000 	C:\Windows\System32\GDI32.dll
0x00007ffe2fac0000 - 0x00007ffe2fdec000 	C:\Windows\System32\combase.dll
0x00007ffe2e670000 - 0x00007ffe2e809000 	C:\Windows\System32\gdi32full.dll
0x00007ffe2e270000 - 0x00007ffe2e310000 	C:\Windows\System32\msvcp_win.dll
0x00007ffe2e840000 - 0x00007ffe2e8be000 	C:\Windows\System32\bcryptPrimitives.dll
0x00007ffe28a10000 - 0x00007ffe28a1a000 	C:\Windows\SYSTEM32\VERSION.dll
0x00007ffe2fdf0000 - 0x00007ffe2fe1e000 	C:\Windows\System32\IMM32.DLL
0x00007ffdfa260000 - 0x00007ffdfa30a000 	C:\Program Files\Java\jdk-12.0.2\bin\msvcp140.dll
0x00007ffdf4e40000 - 0x00007ffdf59b7000 	C:\Program Files\Java\jdk-12.0.2\bin\server\jvm.dll
0x00007ffe2c070000 - 0x00007ffe2c079000 	C:\Windows\SYSTEM32\WSOCK32.dll
0x00007ffe31a70000 - 0x00007ffe31a78000 	C:\Windows\System32\PSAPI.DLL
0x00007ffe314d0000 - 0x00007ffe3153d000 	C:\Windows\System32\WS2_32.dll
0x00007ffe2c1e0000 - 0x00007ffe2c204000 	C:\Windows\SYSTEM32\WINMM.dll
0x00007ffe2bec0000 - 0x00007ffe2beed000 	C:\Windows\SYSTEM32\winmmbase.dll
0x00007ffe2e3c0000 - 0x00007ffe2e40a000 	C:\Windows\System32\cfgmgr32.dll
0x00007ffe2dee0000 - 0x00007ffe2def1000 	C:\Windows\System32\kernel.appcore.dll
0x00007ffe23d10000 - 0x00007ffe23d21000 	C:\Program Files\Java\jdk-12.0.2\bin\verify.dll
0x00007ffe21150000 - 0x00007ffe2133d000 	C:\Windows\SYSTEM32\DBGHELP.DLL
0x00007ffe208b0000 - 0x00007ffe208da000 	C:\Windows\SYSTEM32\dbgcore.DLL
0x00007ffe21bc0000 - 0x00007ffe21be6000 	C:\Program Files\Java\jdk-12.0.2\bin\java.dll
0x00007ffe22900000 - 0x00007ffe22917000 	C:\Program Files\Java\jdk-12.0.2\bin\zip.dll
0x00007ffe26450000 - 0x00007ffe2645a000 	C:\Program Files\Java\jdk-12.0.2\bin\jimage.dll
0x00007ffe2fe80000 - 0x00007ffe31374000 	C:\Windows\System32\SHELL32.dll
0x00007ffe2f270000 - 0x00007ffe2f318000 	C:\Windows\System32\shcore.dll
0x00007ffe2e9c0000 - 0x00007ffe2f10d000 	C:\Windows\System32\windows.storage.dll
0x00007ffe2df80000 - 0x00007ffe2dfa4000 	C:\Windows\System32\profapi.dll
0x00007ffe2df20000 - 0x00007ffe2df7d000 	C:\Windows\System32\powrprof.dll
0x00007ffe2fe20000 - 0x00007ffe2fe72000 	C:\Windows\System32\shlwapi.dll
0x00007ffe2e410000 - 0x00007ffe2e427000 	C:\Windows\System32\cryptsp.dll
0x00007ffde6cd0000 - 0x00007ffde6e6f000 	C:\Program Files\Java\jdk-12.0.2\bin\awt.dll
0x00007ffe31380000 - 0x00007ffe31444000 	C:\Windows\System32\OLEAUT32.dll
0x00007ffe2b2a0000 - 0x00007ffe2b85e000 	C:\Windows\SYSTEM32\d2d1.dll
0x00007ffe2c130000 - 0x00007ffe2c1bc000 	C:\Windows\SYSTEM32\apphelp.dll
0x00007ffe2c720000 - 0x00007ffe2c74e000 	C:\Windows\system32\DWMAPI.DLL
0x00007ffe2e430000 - 0x00007ffe2e60c000 	C:\Windows\System32\CRYPT32.dll
0x00007ffe2df00000 - 0x00007ffe2df12000 	C:\Windows\System32\MSASN1.dll
0x00007ffe2c3f0000 - 0x00007ffe2c48c000 	C:\Windows\system32\uxtheme.dll
0x00007ffe11000000 - 0x00007ffe11127000 	C:\Windows\system32\opengl32.dll
0x00007ffe22c20000 - 0x00007ffe22c4c000 	C:\Windows\SYSTEM32\GLU32.dll
0x00007ffe2f410000 - 0x00007ffe2f57c000 	C:\Windows\System32\MSCTF.dll
0x00007ffe2f110000 - 0x00007ffe2f265000 	C:\Windows\System32\ole32.dll
0x00007ffe19890000 - 0x00007ffe198bd000 	C:\Program Files\Java\jdk-12.0.2\bin\javajpeg.dll
0x00007ffde6c50000 - 0x00007ffde6cd0000 	C:\Program Files\Java\jdk-12.0.2\bin\freetype.dll
0x00007ffde6ba0000 - 0x00007ffde6c4b000 	C:\Program Files\Java\jdk-12.0.2\bin\fontmanager.dll
0x00007ffe22540000 - 0x00007ffe22559000 	C:\Program Files\Java\jdk-12.0.2\bin\net.dll
0x00007ffe26350000 - 0x00007ffe26442000 	C:\Windows\SYSTEM32\WINHTTP.dll
0x00007ffe20570000 - 0x00007ffe20748000 	C:\Windows\SYSTEM32\urlmon.dll
0x00007ffe1fa80000 - 0x00007ffe1fd28000 	C:\Windows\SYSTEM32\iertutil.dll
0x00007ffe2d8c0000 - 0x00007ffe2d8cc000 	C:\Windows\SYSTEM32\CRYPTBASE.DLL
0x00007ffe2d6f0000 - 0x00007ffe2d757000 	C:\Windows\system32\mswsock.dll
0x00007ffe1e7c0000 - 0x00007ffe1e7d3000 	C:\Program Files\Java\jdk-12.0.2\bin\nio.dll
0x00007ffe2fa00000 - 0x00007ffe2faa2000 	C:\Windows\System32\clbcatq.dll
0x00007ffe282e0000 - 0x00007ffe28498000 	C:\Windows\SYSTEM32\WindowsCodecs.dll
0x00007ffe1b570000 - 0x00007ffe1b5c6000 	C:\Windows\system32\dataexchange.dll
0x00007ffe2b020000 - 0x00007ffe2b29e000 	C:\Windows\system32\d3d11.dll
0x00007ffe2b860000 - 0x00007ffe2ba23000 	C:\Windows\system32\dcomp.dll
0x00007ffe2cce0000 - 0x00007ffe2cda2000 	C:\Windows\system32\dxgi.dll
0x00007ffe2c4c0000 - 0x00007ffe2c6cd000 	C:\Windows\system32\twinapi.appcore.dll
0x00007ffe2c6d0000 - 0x00007ffe2c6f8000 	C:\Windows\system32\RMCLIENT.dll
0x00007ffe1afb0000 - 0x00007ffe1b045000 	C:\Windows\System32\TextInputFramework.dll
0x00007ffe2bdd0000 - 0x00007ffe2beb2000 	C:\Windows\System32\CoreMessaging.dll
0x00007ffe28a50000 - 0x00007ffe28d72000 	C:\Windows\System32\CoreUIComponents.dll
0x00007ffe2d050000 - 0x00007ffe2d081000 	C:\Windows\SYSTEM32\ntmarta.dll
0x00007ffe2a1e0000 - 0x00007ffe2a333000 	C:\Windows\SYSTEM32\wintypes.dll

dbghelp: loaded successfully - version: 4.0.5 - missing functions: none
symbol engine: initialized successfully - sym options: 0x614 - pdb path: .;C:\Program Files\Java\jdk-12.0.2\bin;C:\Windows\SYSTEM32;C:\Windows\WinSxS\amd64_microsoft.windows.common-controls_6595b64144ccf1df_6.0.17763.1039_none_de701650534c7021;C:\Program Files\Java\jdk-12.0.2\bin\server

VM Arguments:
jvm_args: -Dfile.encoding=Cp1252 
java_command: vista.VistaEditor
java_class_path (initial): C:\Users\jsali\eclipse-workspace\MiEditorPersonalJesusSalinas\bin
Launcher Type: SUN_STANDARD

[Global flags]
     intx CICompilerCount                          = 4                                         {product} {ergonomic}
     uint ConcGCThreads                            = 2                                         {product} {ergonomic}
     uint G1ConcRefinementThreads                  = 8                                         {product} {ergonomic}
   size_t G1HeapRegionSize                         = 1048576                                   {product} {ergonomic}
    uintx GCDrainStackTargetSize                   = 64                                        {product} {ergonomic}
   size_t InitialHeapSize                          = 134217728                                 {product} {ergonomic}
   size_t MarkStackSize                            = 4194304                                   {product} {ergonomic}
   size_t MaxHeapSize                              = 2126512128                                {product} {ergonomic}
   size_t MaxNewSize                               = 1275068416                                {product} {ergonomic}
   size_t MinHeapDeltaBytes                        = 1048576                                   {product} {ergonomic}
    uintx NonNMethodCodeHeapSize                   = 5836300                                {pd product} {ergonomic}
    uintx NonProfiledCodeHeapSize                  = 122910970                              {pd product} {ergonomic}
    uintx ProfiledCodeHeapSize                     = 122910970                              {pd product} {ergonomic}
    uintx ReservedCodeCacheSize                    = 251658240                              {pd product} {ergonomic}
     bool SegmentedCodeCache                       = true                                      {product} {ergonomic}
     bool UseCompressedClassPointers               = true                                 {lp64_product} {ergonomic}
     bool UseCompressedOops                        = true                                 {lp64_product} {ergonomic}
     bool UseG1GC                                  = true                                      {product} {ergonomic}
     bool UseLargePagesIndividualAllocation        = false                                  {pd product} {ergonomic}

Logging:
Log output configuration:
 #0: stdout all=warning uptime,level,tags
 #1: stderr all=off uptime,level,tags

Environment Variables:
JAVA_HOME=C:\Program Files\Java\jdk-12.0.2
PATH=C:/Program Files/Java/jdk-12.0.2/bin/server;C:/Program Files/Java/jdk-12.0.2/bin;C:\Windows\system32;C:\Windows;C:\Windows\System32\Wbem;C:\Windows\System32\WindowsPowerShell\v1.0\;C:\Windows\System32\OpenSSH\;C:\Program Files (x86)\NVIDIA Corporation\PhysX\Common;C:\Program Files\NVIDIA Corporation\NVIDIA NvDLISR;C:\Program Files\Git\cmd;C:\Program Files\nodejs\;C:\Users\jsali\AppData\Local\Microsoft\WindowsApps;C:\Users\jsali\AppData\Roaming\npm;C:\Users\jsali\AppData\Local\Programs\Microsoft VS Code\bin;C:\Windows\System32;
USERNAME=jsali
OS=Windows_NT
PROCESSOR_IDENTIFIER=Intel64 Family 6 Model 60 Stepping 3, GenuineIntel



---------------  S Y S T E M  ---------------

OS: Windows 10 , 64 bit Build 17763 (10.0.17763.475)

CPU:total 8 (initial active 8) (4 cores per cpu, 2 threads per core) family 6 model 60 stepping 3, cmov, cx8, fxsr, mmx, sse, sse2, sse3, ssse3, sse4.1, sse4.2, popcnt, avx, avx2, aes, clmul, erms, lzcnt, ht, tsc, tscinvbit, bmi1, bmi2, fma

Memory: 4k page, system-wide physical 8111M (1068M free)
TotalPageFile size 32687M (AvailPageFile size 3M)
current process WorkingSet (physical memory assigned to process): 73M, peak: 73M
current process commit charge ("private bytes"): 228M, peak: 229M

vm_info: Java HotSpot(TM) 64-Bit Server VM (12.0.2+10) for windows-amd64 JRE (12.0.2+10), built on Jul 16 2019 01:56:17 by "mach5one" with MS VC++ 15.5 (VS2017)

END.
